This file contains any messages produced by compilers while
running configure, to aid debugging if configure makes a mistake.

It was created by configure, which was
generated by GNU Autoconf 2.61.  Invocation command line was

  $ ./configure 

## --------- ##
## Platform. ##
## --------- ##

hostname = atom2
uname -m = x86_64
uname -r = 3.16.0-4-amd64
uname -s = Linux
uname -v = #1 SMP Debian 3.16.39-1+deb8u2 (2017-03-07)

/usr/bin/uname -p = unknown
/bin/uname -X     = unknown

/bin/arch              = unknown
/usr/bin/arch -k       = unknown
/usr/convex/getsysinfo = unknown
/usr/bin/hostinfo      = unknown
/bin/machine           = unknown
/usr/bin/oslevel       = unknown
/bin/universe          = unknown

PATH: /home/hgode/bin
PATH: /usr/local/bin
PATH: /usr/bin
PATH: /bin
PATH: /usr/local/games
PATH: /usr/games


## ----------- ##
## Core tests. ##
## ----------- ##

configure:1968: checking for a BSD-compatible install
configure:2024: result: /usr/bin/install -c
configure:2035: checking whether build environment is sane
configure:2078: result: yes
configure:2143: checking for gawk
configure:2159: found /usr/bin/gawk
configure:2170: result: gawk
configure:2181: checking whether make sets $(MAKE)
configure:2202: result: yes
configure:2434: checking for gcc
configure:2450: found /usr/bin/gcc
configure:2461: result: gcc
configure:2699: checking for C compiler version
configure:2706: gcc --version >&5
gcc (Debian 4.9.2-10) 4.9.2
Copyright (C) 2014 Free Software Foundation, Inc.
This is free software; see the source for copying conditions.  There is NO
warranty; not even for MERCHANTABILITY or FITNESS FOR A PARTICULAR PURPOSE.

configure:2709: $? = 0
configure:2716: gcc -v >&5
Using built-in specs.
COLLECT_GCC=gcc
COLLECT_LTO_WRAPPER=/usr/lib/gcc/i586-linux-gnu/4.9/lto-wrapper
Target: i586-linux-gnu
Configured with: ../src/configure -v --with-pkgversion='Debian 4.9.2-10' --with-bugurl=file:///usr/share/doc/gcc-4.9/README.Bugs --enable-languages=c,c++,java,go,d,fortran,objc,obj-c++ --prefix=/usr --program-suffix=-4.9 --enable-shared --enable-linker-build-id --libexecdir=/usr/lib --without-included-gettext --enable-threads=posix --with-gxx-include-dir=/usr/include/c++/4.9 --libdir=/usr/lib --enable-nls --with-sysroot=/ --enable-clocale=gnu --enable-libstdcxx-debug --enable-libstdcxx-time=yes --enable-gnu-unique-object --disable-vtable-verify --enable-plugin --with-system-zlib --disable-browser-plugin --enable-java-awt=gtk --enable-gtk-cairo --with-java-home=/usr/lib/jvm/java-1.5.0-gcj-4.9-i386/jre --enable-java-home --with-jvm-root-dir=/usr/lib/jvm/java-1.5.0-gcj-4.9-i386 --with-jvm-jar-dir=/usr/lib/jvm-exports/java-1.5.0-gcj-4.9-i386 --with-arch-directory=i386 --with-ecj-jar=/usr/share/java/eclipse-ecj.jar --enable-objc-gc --enable-targets=all --enable-multiarch --with-arch-32=i586 --with-multilib-list=m32,m64,mx32 --enable-multilib --with-tune=generic --enable-checking=release --build=i586-linux-gnu --host=i586-linux-gnu --target=i586-linux-gnu
Thread model: posix
gcc version 4.9.2 (Debian 4.9.2-10) 
configure:2719: $? = 0
configure:2726: gcc -V >&5
gcc: error: unrecognized command line option '-V'
gcc: fatal error: no input files
compilation terminated.
configure:2729: $? = 4
configure:2752: checking for C compiler default output file name
configure:2779: gcc    conftest.c  >&5
configure:2782: $? = 0
configure:2820: result: a.out
configure:2837: checking whether the C compiler works
configure:2847: ./a.out
configure:2850: $? = 0
configure:2867: result: yes
configure:2874: checking whether we are cross compiling
configure:2876: result: no
configure:2879: checking for suffix of executables
configure:2886: gcc -o conftest    conftest.c  >&5
configure:2889: $? = 0
configure:2913: result: 
configure:2919: checking for suffix of object files
configure:2945: gcc -c   conftest.c >&5
configure:2948: $? = 0
configure:2971: result: o
configure:2975: checking whether we are using the GNU C compiler
configure:3004: gcc -c   conftest.c >&5
configure:3010: $? = 0
configure:3027: result: yes
configure:3032: checking whether gcc accepts -g
configure:3062: gcc -c -g  conftest.c >&5
configure:3068: $? = 0
configure:3167: result: yes
configure:3184: checking for gcc option to accept ISO C89
configure:3258: gcc  -c -g -O2  conftest.c >&5
configure:3264: $? = 0
configure:3287: result: none needed
configure:3316: checking for style of include used by make
configure:3344: result: GNU
configure:3372: checking dependency style of gcc
configure:3462: result: gcc3
configure:3557: checking build system type
configure:3575: result: x86_64-unknown-linux-gnu
configure:3597: checking host system type
configure:3612: result: x86_64-unknown-linux-gnu
configure:3634: checking for a sed that does not truncate output
configure:3690: result: /bin/sed
configure:3693: checking for grep that handles long lines and -e
configure:3767: result: /bin/grep
configure:3772: checking for egrep
configure:3850: result: /bin/grep -E
configure:3866: checking for ld used by gcc
configure:3933: result: /usr/bin/ld
configure:3942: checking if the linker (/usr/bin/ld) is GNU ld
configure:3957: result: yes
configure:3962: checking for /usr/bin/ld option to reload object files
configure:3969: result: -r
configure:3987: checking for BSD-compatible nm
configure:4036: result: /usr/bin/nm -B
configure:4040: checking whether ln -s works
configure:4044: result: yes
configure:4051: checking how to recognize dependent libraries
configure:4237: result: pass_all
configure:4326: gcc -c -g -O2  conftest.c >&5
configure:4329: $? = 0
configure:4482: checking how to run the C preprocessor
configure:4522: gcc -E  conftest.c
configure:4528: $? = 0
configure:4559: gcc -E  conftest.c
conftest.c:10:28: fatal error: ac_nonexistent.h: No such file or directory
 #include <ac_nonexistent.h>
                            ^
compilation terminated.
configure:4565: $? = 1
configure: failed program was:
| /* confdefs.h.  */
| #define PACKAGE_NAME ""
| #define PACKAGE_TARNAME ""
| #define PACKAGE_VERSION ""
| #define PACKAGE_STRING ""
| #define PACKAGE_BUGREPORT ""
| #define PACKAGE "ser2net"
| #define VERSION "2.7"
| /* end confdefs.h.  */
| #include <ac_nonexistent.h>
configure:4598: result: gcc -E
configure:4627: gcc -E  conftest.c
configure:4633: $? = 0
configure:4664: gcc -E  conftest.c
conftest.c:10:28: fatal error: ac_nonexistent.h: No such file or directory
 #include <ac_nonexistent.h>
                            ^
compilation terminated.
configure:4670: $? = 1
configure: failed program was:
| /* confdefs.h.  */
| #define PACKAGE_NAME ""
| #define PACKAGE_TARNAME ""
| #define PACKAGE_VERSION ""
| #define PACKAGE_STRING ""
| #define PACKAGE_BUGREPORT ""
| #define PACKAGE "ser2net"
| #define VERSION "2.7"
| /* end confdefs.h.  */
| #include <ac_nonexistent.h>
configure:4708: checking for ANSI C header files
configure:4738: gcc -c -g -O2  conftest.c >&5
configure:4744: $? = 0
configure:4843: gcc -o conftest -g -O2   conftest.c  >&5
configure:4846: $? = 0
configure:4852: ./conftest
configure:4855: $? = 0
configure:4872: result: yes
configure:4896: checking for sys/types.h
configure:4917: gcc -c -g -O2  conftest.c >&5
configure:4923: $? = 0
configure:4939: result: yes
configure:4896: checking for sys/stat.h
configure:4917: gcc -c -g -O2  conftest.c >&5
configure:4923: $? = 0
configure:4939: result: yes
configure:4896: checking for stdlib.h
configure:4917: gcc -c -g -O2  conftest.c >&5
configure:4923: $? = 0
configure:4939: result: yes
configure:4896: checking for string.h
configure:4917: gcc -c -g -O2  conftest.c >&5
configure:4923: $? = 0
configure:4939: result: yes
configure:4896: checking for memory.h
configure:4917: gcc -c -g -O2  conftest.c >&5
configure:4923: $? = 0
configure:4939: result: yes
configure:4896: checking for strings.h
configure:4917: gcc -c -g -O2  conftest.c >&5
configure:4923: $? = 0
configure:4939: result: yes
configure:4896: checking for inttypes.h
configure:4917: gcc -c -g -O2  conftest.c >&5
configure:4923: $? = 0
configure:4939: result: yes
configure:4896: checking for stdint.h
configure:4917: gcc -c -g -O2  conftest.c >&5
configure:4923: $? = 0
configure:4939: result: yes
configure:4896: checking for unistd.h
configure:4917: gcc -c -g -O2  conftest.c >&5
configure:4923: $? = 0
configure:4939: result: yes
configure:4966: checking dlfcn.h usability
configure:4983: gcc -c -g -O2  conftest.c >&5
configure:4989: $? = 0
configure:5003: result: yes
configure:5007: checking dlfcn.h presence
configure:5022: gcc -E  conftest.c
configure:5028: $? = 0
configure:5042: result: yes
configure:5070: checking for dlfcn.h
configure:5078: result: yes
configure:5149: checking for g++
configure:5165: found /usr/bin/g++
configure:5176: result: g++
configure:5207: checking for C++ compiler version
configure:5214: g++ --version >&5
g++ (Debian 4.9.2-10) 4.9.2
Copyright (C) 2014 Free Software Foundation, Inc.
This is free software; see the source for copying conditions.  There is NO
warranty; not even for MERCHANTABILITY or FITNESS FOR A PARTICULAR PURPOSE.

configure:5217: $? = 0
configure:5224: g++ -v >&5
Using built-in specs.
COLLECT_GCC=g++
COLLECT_LTO_WRAPPER=/usr/lib/gcc/i586-linux-gnu/4.9/lto-wrapper
Target: i586-linux-gnu
Configured with: ../src/configure -v --with-pkgversion='Debian 4.9.2-10' --with-bugurl=file:///usr/share/doc/gcc-4.9/README.Bugs --enable-languages=c,c++,java,go,d,fortran,objc,obj-c++ --prefix=/usr --program-suffix=-4.9 --enable-shared --enable-linker-build-id --libexecdir=/usr/lib --without-included-gettext --enable-threads=posix --with-gxx-include-dir=/usr/include/c++/4.9 --libdir=/usr/lib --enable-nls --with-sysroot=/ --enable-clocale=gnu --enable-libstdcxx-debug --enable-libstdcxx-time=yes --enable-gnu-unique-object --disable-vtable-verify --enable-plugin --with-system-zlib --disable-browser-plugin --enable-java-awt=gtk --enable-gtk-cairo --with-java-home=/usr/lib/jvm/java-1.5.0-gcj-4.9-i386/jre --enable-java-home --with-jvm-root-dir=/usr/lib/jvm/java-1.5.0-gcj-4.9-i386 --with-jvm-jar-dir=/usr/lib/jvm-exports/java-1.5.0-gcj-4.9-i386 --with-arch-directory=i386 --with-ecj-jar=/usr/share/java/eclipse-ecj.jar --enable-objc-gc --enable-targets=all --enable-multiarch --with-arch-32=i586 --with-multilib-list=m32,m64,mx32 --enable-multilib --with-tune=generic --enable-checking=release --build=i586-linux-gnu --host=i586-linux-gnu --target=i586-linux-gnu
Thread model: posix
gcc version 4.9.2 (Debian 4.9.2-10) 
configure:5227: $? = 0
configure:5234: g++ -V >&5
g++: error: unrecognized command line option '-V'
g++: fatal error: no input files
compilation terminated.
configure:5237: $? = 4
configure:5240: checking whether we are using the GNU C++ compiler
configure:5269: g++ -c   conftest.cpp >&5
configure:5275: $? = 0
configure:5292: result: yes
configure:5297: checking whether g++ accepts -g
configure:5327: g++ -c -g  conftest.cpp >&5
configure:5333: $? = 0
configure:5432: result: yes
configure:5457: checking dependency style of g++
configure:5547: result: gcc3
configure:5574: checking how to run the C++ preprocessor
configure:5610: g++ -E  conftest.cpp
configure:5616: $? = 0
configure:5647: g++ -E  conftest.cpp
conftest.cpp:21:28: fatal error: ac_nonexistent.h: No such file or directory
 #include <ac_nonexistent.h>
                            ^
compilation terminated.
configure:5653: $? = 1
configure: failed program was:
| /* confdefs.h.  */
| #define PACKAGE_NAME ""
| #define PACKAGE_TARNAME ""
| #define PACKAGE_VERSION ""
| #define PACKAGE_STRING ""
| #define PACKAGE_BUGREPORT ""
| #define PACKAGE "ser2net"
| #define VERSION "2.7"
| #define STDC_HEADERS 1
| #define HAVE_SYS_TYPES_H 1
| #define HAVE_SYS_STAT_H 1
| #define HAVE_STDLIB_H 1
| #define HAVE_STRING_H 1
| #define HAVE_MEMORY_H 1
| #define HAVE_STRINGS_H 1
| #define HAVE_INTTYPES_H 1
| #define HAVE_STDINT_H 1
| #define HAVE_UNISTD_H 1
| #define HAVE_DLFCN_H 1
| /* end confdefs.h.  */
| #include <ac_nonexistent.h>
configure:5686: result: g++ -E
configure:5715: g++ -E  conftest.cpp
configure:5721: $? = 0
configure:5752: g++ -E  conftest.cpp
conftest.cpp:21:28: fatal error: ac_nonexistent.h: No such file or directory
 #include <ac_nonexistent.h>
                            ^
compilation terminated.
configure:5758: $? = 1
configure: failed program was:
| /* confdefs.h.  */
| #define PACKAGE_NAME ""
| #define PACKAGE_TARNAME ""
| #define PACKAGE_VERSION ""
| #define PACKAGE_STRING ""
| #define PACKAGE_BUGREPORT ""
| #define PACKAGE "ser2net"
| #define VERSION "2.7"
| #define STDC_HEADERS 1
| #define HAVE_SYS_TYPES_H 1
| #define HAVE_SYS_STAT_H 1
| #define HAVE_STDLIB_H 1
| #define HAVE_STRING_H 1
| #define HAVE_MEMORY_H 1
| #define HAVE_STRINGS_H 1
| #define HAVE_INTTYPES_H 1
| #define HAVE_STDINT_H 1
| #define HAVE_UNISTD_H 1
| #define HAVE_DLFCN_H 1
| /* end confdefs.h.  */
| #include <ac_nonexistent.h>
configure:5851: checking for g77
configure:5881: result: no
configure:5851: checking for xlf
configure:5881: result: no
configure:5851: checking for f77
configure:5881: result: no
configure:5851: checking for frt
configure:5881: result: no
configure:5851: checking for pgf77
configure:5881: result: no
configure:5851: checking for cf77
configure:5881: result: no
configure:5851: checking for fort77
configure:5881: result: no
configure:5851: checking for fl32
configure:5881: result: no
configure:5851: checking for af77
configure:5881: result: no
configure:5851: checking for xlf90
configure:5881: result: no
configure:5851: checking for f90
configure:5881: result: no
configure:5851: checking for pgf90
configure:5881: result: no
configure:5851: checking for pghpf
configure:5881: result: no
configure:5851: checking for epcf90
configure:5881: result: no
configure:5851: checking for gfortran
configure:5881: result: no
configure:5851: checking for g95
configure:5881: result: no
configure:5851: checking for xlf95
configure:5881: result: no
configure:5851: checking for f95
configure:5881: result: no
configure:5851: checking for fort
configure:5881: result: no
configure:5851: checking for ifort
configure:5881: result: no
configure:5851: checking for ifc
configure:5881: result: no
configure:5851: checking for efc
configure:5881: result: no
configure:5851: checking for pgf95
configure:5881: result: no
configure:5851: checking for lf95
configure:5881: result: no
configure:5851: checking for ftn
configure:5881: result: no
configure:5908: checking for Fortran 77 compiler version
configure:5915:  --version >&5
./configure: line 5916: --version: command not found
configure:5918: $? = 127
configure:5925:  -v >&5
./configure: line 5926: -v: command not found
configure:5928: $? = 127
configure:5935:  -V >&5
./configure: line 5936: -V: command not found
configure:5938: $? = 127
configure:5946: checking whether we are using the GNU Fortran 77 compiler
configure:5965:  -c  conftest.F >&5
./configure: line 5966: -c: command not found
configure:5971: $? = 127
configure: failed program was:
|       program main
| #ifndef __GNUC__
|        choke me
| #endif
| 
|       end
configure:5988: result: no
configure:5994: checking whether  accepts -g
configure:6011:  -c -g conftest.f >&5
./configure: line 6012: -c: command not found
configure:6017: $? = 127
configure: failed program was:
|       program main
| 
|       end
configure:6033: result: no
configure:6062: checking the maximum length of command line arguments
configure:6174: result: 1572864
configure:6186: checking command to parse /usr/bin/nm -B output from gcc object
configure:6291: gcc -c -g -O2  conftest.c >&5
configure:6294: $? = 0
configure:6298: /usr/bin/nm -B conftest.o \| sed -n -e 's/^.*[ 	]\([ABCDGIRSTW][ABCDGIRSTW]*\)[ 	][ 	]*\([_A-Za-z][_A-Za-z0-9]*\)$/\1 \2 \2/p' \> conftest.nm
configure:6301: $? = 0
configure:6353: gcc -o conftest -g -O2   conftest.c conftstm.o >&5
configure:6356: $? = 0
configure:6394: result: ok
configure:6398: checking for objdir
configure:6413: result: .libs
configure:6505: checking for ar
configure:6521: found /usr/bin/ar
configure:6532: result: ar
configure:6601: checking for ranlib
configure:6617: found /usr/bin/ranlib
configure:6628: result: ranlib
configure:6697: checking for strip
configure:6713: found /usr/bin/strip
configure:6724: result: strip
configure:7322: checking if gcc supports -fno-rtti -fno-exceptions
configure:7340: gcc -c -g -O2  -fno-rtti -fno-exceptions conftest.c >&5
cc1: warning: command line option '-fno-rtti' is valid for C++/ObjC++ but not for C
configure:7344: $? = 0
configure:7357: result: no
configure:7372: checking for gcc option to produce PIC
configure:7604: result: -fPIC
configure:7612: checking if gcc PIC flag -fPIC works
configure:7630: gcc -c -g -O2  -fPIC -DPIC conftest.c >&5
configure:7634: $? = 0
configure:7647: result: yes
configure:7675: checking if gcc static flag -static works
configure:7703: result: yes
configure:7713: checking if gcc supports -c -o file.o
configure:7734: gcc -c -g -O2  -o out/conftest2.o conftest.c >&5
configure:7738: $? = 0
configure:7760: result: yes
configure:7786: checking whether the gcc linker (/usr/bin/ld -m elf_i386) supports shared libraries
configure:8767: result: yes
configure:8788: checking whether -lc should be explicitly linked in
configure:8793: gcc -c -g -O2  conftest.c >&5
configure:8796: $? = 0
configure:8811: gcc -shared conftest.o  -v -Wl,-soname -Wl,conftest -o conftest 2\>\&1 \| grep  -lc  \>/dev/null 2\>\&1
configure:8814: $? = 0
configure:8826: result: no
configure:8834: checking dynamic linker characteristics
configure:9448: result: GNU/Linux ld.so
configure:9472: checking how to hardcode library paths into programs
configure:9497: result: immediate
configure:9511: checking whether stripping libraries is possible
configure:9516: result: yes
configure:10318: checking if libtool supports shared libraries
configure:10320: result: yes
configure:10323: checking whether to build shared libraries
configure:10344: result: yes
configure:10347: checking whether to build static libraries
configure:10351: result: yes
configure:10445: creating libtool
configure:11038: checking for ld used by g++
configure:11105: result: /usr/bin/ld -m elf_i386
configure:11114: checking if the linker (/usr/bin/ld -m elf_i386) is GNU ld
configure:11129: result: yes
configure:11180: checking whether the g++ linker (/usr/bin/ld -m elf_i386) supports shared libraries
configure:12126: result: yes
configure:12143: g++ -c -g -O2  conftest.cpp >&5
configure:12146: $? = 0
configure:12302: checking for g++ option to produce PIC
configure:12586: result: -fPIC
configure:12594: checking if g++ PIC flag -fPIC works
configure:12612: g++ -c -g -O2  -fPIC -DPIC conftest.cpp >&5
configure:12616: $? = 0
configure:12629: result: yes
configure:12657: checking if g++ static flag -static works
configure:12685: result: yes
configure:12695: checking if g++ supports -c -o file.o
configure:12716: g++ -c -g -O2  -o out/conftest2.o conftest.cpp >&5
configure:12720: $? = 0
configure:12742: result: yes
configure:12768: checking whether the g++ linker (/usr/bin/ld -m elf_i386) supports shared libraries
configure:12797: result: yes
configure:12864: checking dynamic linker characteristics
configure:13426: result: GNU/Linux ld.so
configure:13450: checking how to hardcode library paths into programs
configure:13475: result: immediate
configure:19952: checking for ANSI C header files
configure:20116: result: yes
configure:20127: checking for main in -lnsl
configure:20156: gcc -o conftest -g -O2   conftest.c -lnsl   >&5
configure:20162: $? = 0
configure:20180: result: yes
configure:20344: creating ./config.status

## ---------------------- ##
## Running config.status. ##
## ---------------------- ##

This file was extended by config.status, which was
generated by GNU Autoconf 2.61.  Invocation command line was

  CONFIG_FILES    = 
  CONFIG_HEADERS  = 
  CONFIG_LINKS    = 
  CONFIG_COMMANDS = 
  $ ./config.status 

on atom2

config.status:645: creating Makefile
config.status:830: executing depfiles commands

## ---------------- ##
## Cache variables. ##
## ---------------- ##

ac_cv_build=x86_64-unknown-linux-gnu
ac_cv_c_compiler_gnu=yes
ac_cv_cxx_compiler_gnu=yes
ac_cv_env_CCC_set=
ac_cv_env_CCC_value=
ac_cv_env_CC_set=
ac_cv_env_CC_value=
ac_cv_env_CFLAGS_set=
ac_cv_env_CFLAGS_value=
ac_cv_env_CPPFLAGS_set=
ac_cv_env_CPPFLAGS_value=
ac_cv_env_CPP_set=
ac_cv_env_CPP_value=
ac_cv_env_CXXCPP_set=
ac_cv_env_CXXCPP_value=
ac_cv_env_CXXFLAGS_set=
ac_cv_env_CXXFLAGS_value=
ac_cv_env_CXX_set=
ac_cv_env_CXX_value=
ac_cv_env_F77_set=
ac_cv_env_F77_value=
ac_cv_env_FFLAGS_set=
ac_cv_env_FFLAGS_value=
ac_cv_env_LDFLAGS_set=
ac_cv_env_LDFLAGS_value=
ac_cv_env_LIBS_set=
ac_cv_env_LIBS_value=
ac_cv_env_build_alias_set=
ac_cv_env_build_alias_value=
ac_cv_env_host_alias_set=
ac_cv_env_host_alias_value=
ac_cv_env_target_alias_set=
ac_cv_env_target_alias_value=
ac_cv_f77_compiler_gnu=no
ac_cv_header_dlfcn_h=yes
ac_cv_header_inttypes_h=yes
ac_cv_header_memory_h=yes
ac_cv_header_stdc=yes
ac_cv_header_stdint_h=yes
ac_cv_header_stdlib_h=yes
ac_cv_header_string_h=yes
ac_cv_header_strings_h=yes
ac_cv_header_sys_stat_h=yes
ac_cv_header_sys_types_h=yes
ac_cv_header_unistd_h=yes
ac_cv_host=x86_64-unknown-linux-gnu
ac_cv_lib_nsl_main=yes
ac_cv_objext=o
ac_cv_path_EGREP='/bin/grep -E'
ac_cv_path_GREP=/bin/grep
ac_cv_path_install='/usr/bin/install -c'
ac_cv_prog_AWK=gawk
ac_cv_prog_CPP='gcc -E'
ac_cv_prog_CXXCPP='g++ -E'
ac_cv_prog_ac_ct_AR=ar
ac_cv_prog_ac_ct_CC=gcc
ac_cv_prog_ac_ct_CXX=g++
ac_cv_prog_ac_ct_RANLIB=ranlib
ac_cv_prog_ac_ct_STRIP=strip
ac_cv_prog_cc_c89=
ac_cv_prog_cc_g=yes
ac_cv_prog_cxx_g=yes
ac_cv_prog_f77_g=no
ac_cv_prog_make_make_set=yes
am_cv_CC_dependencies_compiler_type=gcc3
am_cv_CXX_dependencies_compiler_type=gcc3
lt_cv_deplibs_check_method=pass_all
lt_cv_file_magic_cmd='$MAGIC_CMD'
lt_cv_file_magic_test_file=
lt_cv_ld_reload_flag=-r
lt_cv_objdir=.libs
lt_cv_path_LD=/usr/bin/ld
lt_cv_path_LDCXX='/usr/bin/ld -m elf_i386'
lt_cv_path_NM='/usr/bin/nm -B'
lt_cv_path_SED=/bin/sed
lt_cv_prog_compiler_c_o=yes
lt_cv_prog_compiler_c_o_CXX=yes
lt_cv_prog_compiler_pic_works=yes
lt_cv_prog_compiler_pic_works_CXX=yes
lt_cv_prog_compiler_rtti_exceptions=no
lt_cv_prog_compiler_static_works=yes
lt_cv_prog_compiler_static_works_CXX=yes
lt_cv_prog_gnu_ld=yes
lt_cv_prog_gnu_ldcxx=yes
lt_cv_sys_global_symbol_pipe='sed -n -e '\''s/^.*[ 	]\([ABCDGIRSTW][ABCDGIRSTW]*\)[ 	][ 	]*\([_A-Za-z][_A-Za-z0-9]*\)$/\1 \2 \2/p'\'''
lt_cv_sys_global_symbol_to_c_name_address='sed -n -e '\''s/^: \([^ ]*\) $/  {\"\1\", (lt_ptr) 0},/p'\'' -e '\''s/^[BCDEGRST] \([^ ]*\) \([^ ]*\)$/  {"\2", (lt_ptr) \&\2},/p'\'''
lt_cv_sys_global_symbol_to_cdecl='sed -n -e '\''s/^. .* \(.*\)$/extern int \1;/p'\'''
lt_cv_sys_lib_dlsearch_path_spec='/lib /usr/lib /usr/lib/i386-linux-gnu/libfakeroot /lib/i386-linux-gnu /usr/lib/i386-linux-gnu /lib/i586-linux-gnu /usr/lib/i586-linux-gnu /usr/local/lib '
lt_cv_sys_lib_search_path_spec='/usr/lib/gcc/i586-linux-gnu/4.9 /usr/lib/i386-linux-gnu /usr/lib /lib/i386-linux-gnu /lib'
lt_cv_sys_max_cmd_len=1572864
lt_lt_cv_prog_compiler_c_o='"yes"'
lt_lt_cv_prog_compiler_c_o_CXX='"yes"'
lt_lt_cv_sys_global_symbol_pipe='"sed -n -e '\''s/^.*[ 	]\\([ABCDGIRSTW][ABCDGIRSTW]*\\)[ 	][ 	]*\\([_A-Za-z][_A-Za-z0-9]*\\)\$/\\1 \\2 \\2/p'\''"'
lt_lt_cv_sys_global_symbol_to_c_name_address='"sed -n -e '\''s/^: \\([^ ]*\\) \$/  {\\\"\\1\\\", (lt_ptr) 0},/p'\'' -e '\''s/^[BCDEGRST] \\([^ ]*\\) \\([^ ]*\\)\$/  {\"\\2\", (lt_ptr) \\&\\2},/p'\''"'
lt_lt_cv_sys_global_symbol_to_cdecl='"sed -n -e '\''s/^. .* \\(.*\\)\$/extern int \\1;/p'\''"'

## ----------------- ##
## Output variables. ##
## ----------------- ##

ACLOCAL='${SHELL} /home/hgode/Downloads/ser2nets/missing --run aclocal-1.9'
AMDEPBACKSLASH='\'
AMDEP_FALSE='#'
AMDEP_TRUE=''
AMTAR='${SHELL} /home/hgode/Downloads/ser2nets/missing --run tar'
AR='ar'
AUTOCONF='${SHELL} /home/hgode/Downloads/ser2nets/missing --run autoconf'
AUTOHEADER='${SHELL} /home/hgode/Downloads/ser2nets/missing --run autoheader'
AUTOMAKE='${SHELL} /home/hgode/Downloads/ser2nets/missing --run automake-1.9'
AWK='gawk'
CC='gcc'
CCDEPMODE='depmode=gcc3'
CFLAGS='-g -O2'
CPP='gcc -E'
CPPFLAGS=''
CXX='g++'
CXXCPP='g++ -E'
CXXDEPMODE='depmode=gcc3'
CXXFLAGS='-g -O2'
CYGPATH_W='echo'
DEFS='-DPACKAGE_NAME=\"\" -DPACKAGE_TARNAME=\"\" -DPACKAGE_VERSION=\"\" -DPACKAGE_STRING=\"\" -DPACKAGE_BUGREPORT=\"\" -DPACKAGE=\"ser2net\" -DVERSION=\"2.7\" -DSTDC_HEADERS=1 -DHAVE_SYS_TYPES_H=1 -DHAVE_SYS_STAT_H=1 -DHAVE_STDLIB_H=1 -DHAVE_STRING_H=1 -DHAVE_MEMORY_H=1 -DHAVE_STRINGS_H=1 -DHAVE_INTTYPES_H=1 -DHAVE_STDINT_H=1 -DHAVE_UNISTD_H=1 -DHAVE_DLFCN_H=1 -DUSE_UUCP_LOCKING=1 -DSTDC_HEADERS=1 -DHAVE_LIBNSL=1'
DEPDIR='.deps'
DSYMUTIL=''
ECHO='echo'
ECHO_C=''
ECHO_N='-n'
ECHO_T=''
EGREP='/bin/grep -E'
EXEEXT=''
F77=''
FFLAGS=''
GREP='/bin/grep'
INSTALL_DATA='${INSTALL} -m 644'
INSTALL_PROGRAM='${INSTALL}'
INSTALL_SCRIPT='${INSTALL}'
INSTALL_STRIP_PROGRAM='${SHELL} $(install_sh) -c -s'
LDFLAGS=''
LIBOBJS=''
LIBS='-lnsl '
LIBTOOL='$(SHELL) $(top_builddir)/libtool'
LN_S='ln -s'
LTLIBOBJS=''
MAKEINFO='${SHELL} /home/hgode/Downloads/ser2nets/missing --run makeinfo'
NMEDIT=''
OBJEXT='o'
PACKAGE='ser2net'
PACKAGE_BUGREPORT=''
PACKAGE_NAME=''
PACKAGE_STRING=''
PACKAGE_TARNAME=''
PACKAGE_VERSION=''
PATH_SEPARATOR=':'
RANLIB='ranlib'
SED='/bin/sed'
SET_MAKE=''
SHELL='/bin/bash'
STRIP='strip'
VERSION='2.7'
ac_ct_CC='gcc'
ac_ct_CXX='g++'
ac_ct_F77=''
am__fastdepCC_FALSE='#'
am__fastdepCC_TRUE=''
am__fastdepCXX_FALSE='#'
am__fastdepCXX_TRUE=''
am__include='include'
am__leading_dot='.'
am__quote=''
am__tar='${AMTAR} chof - "$$tardir"'
am__untar='${AMTAR} xf -'
bindir='${exec_prefix}/bin'
build='x86_64-unknown-linux-gnu'
build_alias=''
build_cpu='x86_64'
build_os='linux-gnu'
build_vendor='unknown'
datadir='${datarootdir}'
datarootdir='${prefix}/share'
docdir='${datarootdir}/doc/${PACKAGE}'
dvidir='${docdir}'
exec_prefix='${prefix}'
host='x86_64-unknown-linux-gnu'
host_alias=''
host_cpu='x86_64'
host_os='linux-gnu'
host_vendor='unknown'
htmldir='${docdir}'
includedir='${prefix}/include'
infodir='${datarootdir}/info'
install_sh='/home/hgode/Downloads/ser2nets/install-sh'
libdir='${exec_prefix}/lib'
libexecdir='${exec_prefix}/libexec'
localedir='${datarootdir}/locale'
localstatedir='${prefix}/var'
mandir='${datarootdir}/man'
mkdir_p='mkdir -p --'
oldincludedir='/usr/include'
pdfdir='${docdir}'
prefix='/usr/local'
program_transform_name='s,x,x,'
psdir='${docdir}'
sbindir='${exec_prefix}/sbin'
sharedstatedir='${prefix}/com'
sysconfdir='${prefix}/etc'
target_alias=''

## ----------- ##
## confdefs.h. ##
## ----------- ##

#define PACKAGE_NAME ""
#define PACKAGE_TARNAME ""
#define PACKAGE_VERSION ""
#define PACKAGE_STRING ""
#define PACKAGE_BUGREPORT ""
#define PACKAGE "ser2net"
#define VERSION "2.7"
#define STDC_HEADERS 1
#define HAVE_SYS_TYPES_H 1
#define HAVE_SYS_STAT_H 1
#define HAVE_STDLIB_H 1
#define HAVE_STRING_H 1
#define HAVE_MEMORY_H 1
#define HAVE_STRINGS_H 1
#define HAVE_INTTYPES_H 1
#define HAVE_STDINT_H 1
#define HAVE_UNISTD_H 1
#define HAVE_DLFCN_H 1
#define USE_UUCP_LOCKING 1
#define STDC_HEADERS 1
#define HAVE_LIBNSL 1

configure: exit 0
